<?xml version="1.0" encoding="UTF-8"?>
<!-- Generated by org.testng.reporters.JUnitXMLReporter -->
<testsuite hostname="7F-CHENJINGJIAN" ignored="0" name="Test" tests="4" failures="0" timestamp="29 一月 2018 06:27:09 GMT" time="72.046" errors="0">
  <testcase name="testcase" time="11.565" classname="com.com.demo.TestRW"/>
  <testcase name="addProduct" time="17.954" classname="com.com.demo.TestRW"/>
  <testcase name="checkout" time="12.563" classname="com.com.demo.TestRW"/>
  <testcase name="pricecomparison" time="26.181" classname="com.com.demo.TestRW"/>
</testsuite> <!-- Test -->
