<?xml version="1.0" encoding="UTF-8"?>
<!-- Generated by org.testng.reporters.JUnitXMLReporter -->
<testsuite hostname="7F-CHENJINGJIAN" ignored="2" name="database" tests="2" failures="0" timestamp="02 二月 2018 02:20:07 GMT" time="0.023" errors="0">
  <testcase name="testConnectOracle" time="0.006" classname="com.testng.TestDatabase"/>
  <testcase name="testConnectMsSQL" time="0.001" classname="com.testng.TestDatabase"/>
  <testcase name="testConnectMongoDB" time="0.0" classname="com.testng.TestDatabase">
    <ignored/>
  </testcase> <!-- testConnectMongoDB -->
  <testcase name="testConnectMySQL" time="0.0" classname="com.testng.TestDatabase">
    <ignored/>
  </testcase> <!-- testConnectMySQL -->
</testsuite> <!-- database -->
