<?xml version="1.0" encoding="UTF-8"?>
<!-- Generated by org.testng.reporters.JUnitXMLReporter -->
<testsuite hostname="7F-CHENJINGJIAN" ignored="0" name="final" tests="7" failures="0" timestamp="02 二月 2018 01:30:31 GMT" time="0.063" errors="0">
  <testcase name="runSelenium" time="0.024" classname="com.testng.TestSelenium"/>
  <testcase name="runSelenium1" time="0.0" classname="com.testng.TestSelenium"/>
  <testcase name="runSelenium" time="0.001" classname="com.testng.TestGroup"/>
  <testcase name="runSelenium1" time="0.001" classname="com.testng.TestGroup"/>
  <testcase name="testConnectMsSQL" time="0.001" classname="com.testng.TestGroup"/>
  <testcase name="testConnectOracle" time="0.001" classname="com.testng.TestGroup"/>
  <testcase name="runFinal" time="0.001" classname="com.testng.TestGroup"/>
</testsuite> <!-- final -->
