<?xml version="1.0" encoding="UTF-8"?>
<!-- Generated by org.testng.reporters.JUnitXMLReporter -->
<testsuite hostname="7F-CHENJINGJIAN" ignored="2" name="order" tests="2" failures="0" timestamp="02 二月 2018 02:17:03 GMT" time="0.018" errors="0">
  <testcase name="testMakeOrder" time="0.003" classname="com.testng.TestOrder"/>
  <testcase name="testUpdateOrder" time="0.001" classname="com.testng.TestOrder"/>
  <testcase name="testMakeEmptyOrder" time="0.0" classname="com.testng.TestOrder">
    <ignored/>
  </testcase> <!-- testMakeEmptyOrder -->
  <testcase name="testFindOrder" time="0.0" classname="com.testng.TestOrder">
    <ignored/>
  </testcase> <!-- testFindOrder -->
</testsuite> <!-- order -->
