<?xml version="1.0" encoding="UTF-8"?>
<!-- Generated by org.testng.reporters.JUnitXMLReporter -->
<testsuite hostname="7F-CHENJINGJIAN" ignored="0" name="TestCase1" tests="6" failures="1" timestamp="02 二月 2018 02:46:04 GMT" time="0.03" errors="0">
  <testcase name="deployServer" time="0.006" classname="com.testng.TestServer">
    <failure type="java.lang.RuntimeException">
      <![CDATA[java.lang.RuntimeExceptionat com.testng.TestServer.deployServer(TestServer.java:13)... Removed 25 stack frames]]>
    </failure>
  </testcase> <!-- deployServer -->
  <testcase name="deployBackUpServer" time="0.0" classname="com.testng.TestServer">
    <skipped/>
  </testcase> <!-- deployBackUpServer -->
  <testcase name="initDB" time="0.0" classname="com.testng.TestDatabase1">
    <skipped/>
  </testcase> <!-- initDB -->
  <testcase name="testConnection" time="0.0" classname="com.testng.TestDatabase1">
    <skipped/>
  </testcase> <!-- testConnection -->
  <testcase name="method1" time="0.0" classname="com.testng.TestApp">
    <skipped/>
  </testcase> <!-- method1 -->
  <testcase name="method2" time="0.0" classname="com.testng.TestApp">
    <skipped/>
  </testcase> <!-- method2 -->
</testsuite> <!-- TestCase1 -->
